SF:lib/main.dart
DA:3,0
DA:4,0
DA:8,2
DA:9,1
DA:11,1
DA:13,1
DA:14,1
DA:23,1
DA:26,1
DA:27,1
DA:33,0
DA:34,0
DA:37,1
DA:38,2
DA:39,0
DA:41,1
DA:45,1
DA:52,3
DA:53,2
DA:54,1
DA:55,2
DA:56,1
DA:57,1
DA:58,1
DA:59,1
DA:60,1
DA:61,1
DA:62,1
DA:63,1
DA:64,1
DA:65,1
DA:66,1
DA:67,1
DA:68,1
DA:69,1
DA:70,1
DA:71,1
DA:76,1
DA:77,2
DA:78,2
DA:82,1
DA:84,1
DA:85,1
DA:86,1
DA:89,1
DA:91,1
DA:92,1
DA:93,3
DA:94,3
DA:96,1
DA:97,1
DA:99,1
DA:103,1
DA:104,2
DA:105,3
DA:110,1
DA:111,1
LF:57
LH:52
end_of_record
